# JRE version: OpenJDK Runtime Environment (11.0.13) (build 11.0.13+0-b1751.21-8125866)
# Java VM: OpenJDK 64-Bit Server VM (11.0.13+0-b1751.21-8125866, mixed mode, tiered, compressed oops, g1 gc, windows-amd64)
Heap:
 garbage-first heap   total 571392K, used 346498K [0x0000000080000000, 0x0000000100000000)
  region size 1024K, 4 young (4096K), 4 survivors (4096K)
 Metaspace       used 244310K, capacity 251388K, committed 251656K, reserved 1269760K
  class space    used 29272K, capacity 31807K, committed 31904K, reserved 1048576K
GC Heap History (20 events):
Event: 563.936 GC heap after
{Heap after GC invocations=205 (full 0):
 garbage-first heap   total 440320K, used 343556K [0x0000000080000000, 0x0000000100000000)
  region size 1024K, 2 young (2048K), 2 survivors (2048K)
 Metaspace       used 243634K, capacity 250563K, committed 250632K, reserved 1267712K
  class space    used 29180K, capacity 31640K, committed 31648K, reserved 1048576K
}
Event: 564.072 GC heap before
{Heap before GC invocations=205 (full 0):
 garbage-first heap   total 440320K, used 387588K [0x0000000080000000, 0x0000000100000000)
  region size 1024K, 45 young (46080K), 2 survivors (2048K)
 Metaspace       used 243649K, capacity 250563K, committed 250632K, reserved 1267712K
  class space    used 29180K, capacity 31640K, committed 31648K, reserved 1048576K
}
Event: 564.077 GC heap after
{Heap after GC invocations=206 (full 0):
 garbage-first heap   total 440320K, used 343732K [0x0000000080000000, 0x0000000100000000)
  region size 1024K, 2 young (2048K), 2 survivors (2048K)
 Metaspace       used 243649K, capacity 250563K, committed 250632K, reserved 1267712K
  class space    used 29180K, capacity 31640K, committed 31648K, reserved 1048576K
}
Event: 564.199 GC heap before
{Heap before GC invocations=206 (full 0):
 garbage-first heap   total 440320K, used 387764K [0x0000000080000000, 0x0000000100000000)
  region size 1024K, 46 young (47104K), 2 survivors (2048K)
 Metaspace       used 243661K, capacity 250563K, committed 250632K, reserved 1267712K
  class space    used 29180K, capacity 31640K, committed 31648K, reserved 1048576K
}
Event: 564.204 GC heap after
{Heap after GC invocations=207 (full 0):
 garbage-first heap   total 440320K, used 343970K [0x0000000080000000, 0x0000000100000000)
  region size 1024K, 2 young (2048K), 2 survivors (2048K)
 Metaspace       used 243661K, capacity 250563K, committed 250632K, reserved 1267712K
  class space    used 29180K, capacity 31640K, committed 31648K, reserved 1048576K
}
Event: 564.352 GC heap before
{Heap before GC invocations=207 (full 0):
 garbage-first heap   total 440320K, used 389026K [0x0000000080000000, 0x0000000100000000)
  region size 1024K, 46 young (47104K), 2 survivors (2048K)
 Metaspace       used 243845K, capacity 250810K, committed 251016K, reserved 1269760K
  class space    used 29205K, capacity 31680K, committed 31776K, reserved 1048576K
}
Event: 564.360 GC heap after
{Heap after GC invocations=208 (full 0):
 garbage-first heap   total 440320K, used 344568K [0x0000000080000000, 0x0000000100000000)
  region size 1024K, 3 young (3072K), 3 survivors (3072K)
 Metaspace       used 243845K, capacity 250810K, committed 251016K, reserved 1269760K
  class space    used 29205K, capacity 31680K, committed 31776K, reserved 1048576K
}
Event: 564.503 GC heap before
{Heap before GC invocations=208 (full 0):
 garbage-first heap   total 440320K, used 389624K [0x0000000080000000, 0x0000000100000000)
  region size 1024K, 47 young (48128K), 3 survivors (3072K)
 Metaspace       used 243851K, capacity 250810K, committed 251016K, reserved 1269760K
  class space    used 29205K, capacity 31680K, committed 31776K, reserved 1048576K
}
Event: 564.510 GC heap after
{Heap after GC invocations=209 (full 0):
 garbage-first heap   total 506880K, used 344221K [0x0000000080000000, 0x0000000100000000)
  region size 1024K, 2 young (2048K), 2 survivors (2048K)
 Metaspace       used 243851K, capacity 250810K, committed 251016K, reserved 1269760K
  class space    used 29205K, capacity 31680K, committed 31776K, reserved 1048576K
}
Event: 564.830 GC heap before
{Heap before GC invocations=209 (full 0):
 garbage-first heap   total 506880K, used 429213K [0x0000000080000000, 0x0000000100000000)
  region size 1024K, 85 young (87040K), 2 survivors (2048K)
 Metaspace       used 243913K, capacity 250818K, committed 251016K, reserved 1269760K
  class space    used 29214K, capacity 31681K, committed 31776K, reserved 1048576K
}
Event: 564.837 GC heap after
{Heap after GC invocations=210 (full 0):
 garbage-first heap   total 506880K, used 345370K [0x0000000080000000, 0x0000000100000000)
  region size 1024K, 3 young (3072K), 3 survivors (3072K)
 Metaspace       used 243913K, capacity 250818K, committed 251016K, reserved 1269760K
  class space    used 29214K, capacity 31681K, committed 31776K, reserved 1048576K
}
Event: 565.075 GC heap before
{Heap before GC invocations=210 (full 0):
 garbage-first heap   total 506880K, used 431386K [0x0000000080000000, 0x0000000100000000)
  region size 1024K, 87 young (89088K), 3 survivors (3072K)
 Metaspace       used 243968K, capacity 250885K, committed 251016K, reserved 1269760K
  class space    used 29214K, capacity 31681K, committed 31776K, reserved 1048576K
}
Event: 565.080 GC heap after
{Heap after GC invocations=211 (full 0):
 garbage-first heap   total 506880K, used 345639K [0x0000000080000000, 0x0000000100000000)
  region size 1024K, 4 young (4096K), 4 survivors (4096K)
 Metaspace       used 243968K, capacity 250885K, committed 251016K, reserved 1269760K
  class space    used 29214K, capacity 31681K, committed 31776K, reserved 1048576K
}
Event: 565.341 GC heap before
{Heap before GC invocations=211 (full 0):
 garbage-first heap   total 506880K, used 432679K [0x0000000080000000, 0x0000000100000000)
  region size 1024K, 89 young (91136K), 4 survivors (4096K)
 Metaspace       used 244019K, capacity 250958K, committed 251272K, reserved 1269760K
  class space    used 29215K, capacity 31683K, committed 31776K, reserved 1048576K
}
Event: 565.346 GC heap after
{Heap after GC invocations=212 (full 0):
 garbage-first heap   total 506880K, used 345373K [0x0000000080000000, 0x0000000100000000)
  region size 1024K, 3 young (3072K), 3 survivors (3072K)
 Metaspace       used 244019K, capacity 250958K, committed 251272K, reserved 1269760K
  class space    used 29215K, capacity 31683K, committed 31776K, reserved 1048576K
}
Event: 565.578 GC heap before
{Heap before GC invocations=212 (full 0):
 garbage-first heap   total 506880K, used 434461K [0x0000000080000000, 0x0000000100000000)
  region size 1024K, 91 young (93184K), 3 survivors (3072K)
 Metaspace       used 244264K, capacity 251318K, committed 251656K, reserved 1269760K
  class space    used 29271K, capacity 31806K, committed 31904K, reserved 1048576K
}
Event: 565.586 GC heap after
{Heap after GC invocations=213 (full 0):
 garbage-first heap   total 506880K, used 346682K [0x0000000080000000, 0x0000000100000000)
  region size 1024K, 5 young (5120K), 5 survivors (5120K)
 Metaspace       used 244264K, capacity 251318K, committed 251656K, reserved 1269760K
  class space    used 29271K, capacity 31806K, committed 31904K, reserved 1048576K
}
Event: 565.795 GC heap before
{Heap before GC invocations=213 (full 0):
 garbage-first heap   total 506880K, used 436794K [0x0000000080000000, 0x0000000100000000)
  region size 1024K, 93 young (95232K), 5 survivors (5120K)
 Metaspace       used 244285K, capacity 251323K, committed 251656K, reserved 1269760K
  class space    used 29272K, capacity 31807K, committed 31904K, reserved 1048576K
}
Event: 565.805 GC heap after
{Heap after GC invocations=214 (full 0):
 garbage-first heap   total 506880K, used 346126K [0x0000000080000000, 0x0000000100000000)
  region size 1024K, 4 young (4096K), 4 survivors (4096K)
 Metaspace       used 244285K, capacity 251323K, committed 251656K, reserved 1269760K
  class space    used 29272K, capacity 31807K, committed 31904K, reserved 1048576K
}
Event: 566.056 GC heap before
{Heap before GC invocations=214 (full 0):
 garbage-first heap   total 506880K, used 437262K [0x0000000080000000, 0x0000000100000000)
  region size 1024K, 94 young (96256K), 4 survivors (4096K)
 Metaspace       used 244310K, capacity 251388K, committed 251656K, reserved 1269760K
  class space    used 29272K, capacity 31807K, committed 31904K, reserved 1048576K
}

